<?xml version="1.0" encoding="UTF-8"?>
<testsuite xmlns:xsi="http://www.w3.org/2001/XMLSchema-instance" xsi:noNamespaceSchemaLocation="https://maven.apache.org/surefire/maven-surefire-plugin/xsd/surefire-test-report.xsd" name="com.comp3607.AppTest" time="2.193" tests="5" errors="0" skipped="0" failures="0">
  <properties>
[...]
</properties>
  <testcase name="testVaultLoadInvalidFile" classname="com.comp3607.AppTest" time="0.043"/>
  <testcase name="testSinglePlayerCorrectAnswer" classname="com.comp3607.AppTest" time="0"/>
  <testcase name="testReportGenerationExceptionHandling" classname="com.comp3607.AppTest" time="0.085"/>
  <testcase name="testFullGameWith4PlayersRandomAnswers" classname="com.comp3607.AppTest" time="1.905"/>
  <testcase name="testSinglePlayerWrongAnswer" classname="com.comp3607.AppTest" time="0"/>
</testsuite>